2026-03-18 12:16:17,687 INFO: Получен POST запрос на /upload [in C:\Users\gorod\diplom\my-version\app.py:112]
2026-03-18 12:16:17,687 ERROR: Функция обработки недоступна [in C:\Users\gorod\diplom\my-version\app.py:116]
2026-03-18 12:17:53,310 INFO: Получен POST запрос на /upload [in C:\Users\gorod\diplom\my-version\app.py:112]
2026-03-18 12:17:53,311 ERROR: Функция обработки недоступна [in C:\Users\gorod\diplom\my-version\app.py:116]
2026-03-18 12:20:03,601 INFO: Получен POST запрос на /upload [in C:\Users\gorod\diplom\my-version\app.py:112]
2026-03-18 12:20:03,602 ERROR: Функция обработки недоступна [in C:\Users\gorod\diplom\my-version\app.py:116]
2026-03-18 12:22:31,263 INFO: Получен POST запрос на /upload [in C:\Users\gorod\diplom\my-version\app.py:112]
2026-03-18 12:22:31,265 ERROR: Функция обработки недоступна [in C:\Users\gorod\diplom\my-version\app.py:116]
2026-03-18 12:26:24,425 INFO: Получен POST запрос на /upload [in C:\Users\gorod\diplom\my-version\app.py:112]
2026-03-18 12:26:24,439 INFO: Сохранены файлы: run_20260318_122624_472dcb745b55aae2_24-25__13.01.2025.xlsx, schedule_20260318_122624_472dcb745b55aae2_3__2025_.xlsx [in C:\Users\gorod\diplom\my-version\app.py:157]
2026-03-18 12:26:24,440 INFO: Запуск обработки с параметрами: [in C:\Users\gorod\diplom\my-version\app.py:163]
2026-03-18 12:26:24,440 INFO:   run: C:\Users\gorod\diplom\my-version\uploads\run_20260318_122624_472dcb745b55aae2_24-25__13.01.2025.xlsx [in C:\Users\gorod\diplom\my-version\app.py:164]
2026-03-18 12:26:24,440 INFO:   schedule: C:\Users\gorod\diplom\my-version\uploads\schedule_20260318_122624_472dcb745b55aae2_3__2025_.xlsx [in C:\Users\gorod\diplom\my-version\app.py:165]
2026-03-18 12:26:24,440 INFO:   out: C:\Users\gorod\diplom\my-version\results\20260318_122624_472dcb745b55aae2 [in C:\Users\gorod\diplom\my-version\app.py:166]
2026-03-18 12:26:24,441 ERROR: Ошибка при обработке: argument should be a str or an os.PathLike object where __fspath__ returns a str, not 'NoneType' [in C:\Users\gorod\diplom\my-version\app.py:178]
2026-03-18 12:26:24,444 ERROR: Traceback (most recent call last):
  File "C:\Users\gorod\diplom\my-version\app.py", line 170, in upload
    result = build_timetable_bundle(
        str(run_path),
    ...<2 lines>...
        None,  # mappings_path = None
    )
  File "C:\Users\gorod\diplom\my-version\core\pipeline.py", line 20, in build_timetable_bundle
    mappings_path = Path(mappings_path)
  File "C:\Users\gorod\AppData\Local\Python\pythoncore-3.14-64\Lib\pathlib\__init__.py", line 150, in __init__
    raise TypeError(
    ...<2 lines>...
        f"not {type(path).__name__!r}")
TypeError: argument should be a str or an os.PathLike object where __fspath__ returns a str, not 'NoneType'
 [in C:\Users\gorod\diplom\my-version\app.py:179]
2026-03-18 12:34:37,448 INFO: === Запуск приложения ===
2026-03-18 12:34:39,023 INFO: === Запуск приложения ===
2026-03-18 12:35:03,116 INFO: Получен POST запрос на /upload
2026-03-18 12:35:03,128 INFO: Сохранены файлы: run_20260318_123503_622a405db5d8fc90_24-25__13.01.2025.xlsx, schedule_20260318_123503_622a405db5d8fc90_3__2025_.xlsx
2026-03-18 12:35:03,573 INFO: Запуск обработки...
2026-03-18 12:35:07,051 INFO: Обработка успешно завершена
2026-03-18 12:38:21,294 INFO: === Запуск приложения ===
2026-03-18 12:38:23,029 INFO: === Запуск приложения ===
2026-03-18 12:39:00,716 INFO: Получен POST запрос на /upload
2026-03-18 12:39:00,725 INFO: Сохранены файлы: run_20260318_123900_8dfdf1957e9a22b8_25-26__23.10.2025_1.xlsx, schedule_20260318_123900_8dfdf1957e9a22b8_25-26.xlsx
2026-03-18 12:39:00,933 INFO: Запуск обработки...
2026-03-18 12:39:04,260 INFO: Обработка успешно завершена
2026-03-18 12:54:33,869 INFO: Получен POST запрос на /upload
2026-03-18 12:54:33,877 INFO: Сохранены файлы: run_20260318_125433_9e8d0a21fc040eda_25-26__23.10.2025_1.xlsx, schedule_20260318_125433_9e8d0a21fc040eda_25-26.xlsx
2026-03-18 12:54:33,894 INFO: Запуск обработки...
2026-03-18 12:54:37,366 INFO: Обработка успешно завершена
2026-03-18 13:00:16,158 INFO: === Запуск приложения ===
2026-03-18 13:00:17,671 INFO: === Запуск приложения ===
2026-03-18 13:01:24,114 INFO: === Запуск приложения ===
2026-03-18 13:01:25,897 INFO: === Запуск приложения ===
2026-03-18 13:03:17,283 INFO: Получен POST запрос на /upload
2026-03-18 13:03:17,309 INFO: Сохранены файлы: run_20260318_130317_6f67c1a00136c0f3_25-26__23.10.2025_1.xlsx, schedule_20260318_130317_6f67c1a00136c0f3_25-26.xlsx
2026-03-18 13:03:17,496 INFO: Запуск обработки...
2026-03-18 13:03:20,445 INFO: Обработка успешно завершена
2026-03-18 13:08:53,243 INFO: === Запуск приложения ===
2026-03-18 13:08:55,044 INFO: === Запуск приложения ===
2026-03-18 13:09:38,396 INFO: === Запуск приложения ===
2026-03-18 13:09:40,266 INFO: === Запуск приложения ===
2026-03-18 13:11:11,862 INFO: Получен POST запрос на /upload
2026-03-18 13:11:11,873 INFO: Сохранены файлы: run_20260318_131111_7aa6e2638ea89a7c_25-26__23.10.2025_1.xlsx, schedule_20260318_131111_7aa6e2638ea89a7c_25-26.xlsx
2026-03-18 13:11:12,149 INFO: Запуск обработки...
2026-03-18 13:11:15,234 INFO: Обработка успешно завершена
2026-03-18 13:12:11,387 INFO: === Запуск приложения ===
2026-03-18 13:12:13,151 INFO: === Запуск приложения ===
2026-03-18 13:13:41,430 INFO: === Запуск приложения ===
2026-03-18 13:13:43,210 INFO: === Запуск приложения ===
2026-03-18 13:13:52,164 INFO: Получен POST запрос на /upload
2026-03-18 13:13:52,171 INFO: Сохранены файлы: run_20260318_131352_9ea39e0f17f410b4_25-26__23.10.2025_1.xlsx, schedule_20260318_131352_9ea39e0f17f410b4_25-26.xlsx
2026-03-18 13:13:52,365 INFO: Запуск обработки...
2026-03-18 13:13:55,402 INFO: Обработка успешно завершена
2026-03-18 13:22:44,084 INFO: === Запуск приложения ===
2026-03-18 13:22:45,987 INFO: === Запуск приложения ===
2026-03-18 13:22:58,948 INFO: Получен POST запрос на /upload
2026-03-18 13:22:58,956 INFO: Сохранены файлы: run_20260318_132258_e2e40e25941b7e39_25-26__23.10.2025_1.xlsx, schedule_20260318_132258_e2e40e25941b7e39_25-26.xlsx
2026-03-18 13:22:59,169 INFO: Запуск обработки...
2026-03-18 13:23:02,644 INFO: Обработка успешно завершена
2026-03-18 13:23:53,922 INFO: === Запуск приложения ===
2026-03-18 13:23:55,460 INFO: === Запуск приложения ===
2026-03-18 13:24:07,563 INFO: Получен POST запрос на /upload
2026-03-18 13:24:07,574 INFO: Сохранены файлы: run_20260318_132407_bdc26be10fd0f0f2_25-26__23.10.2025_1.xlsx, schedule_20260318_132407_bdc26be10fd0f0f2_25-26.xlsx
2026-03-18 13:24:07,790 INFO: Запуск обработки...
2026-03-18 13:24:11,257 INFO: Обработка успешно завершена
2026-03-18 16:21:45,001 INFO: === Запуск приложения ===
2026-03-18 16:21:47,717 INFO: === Запуск приложения ===
2026-03-18 16:22:20,844 INFO: Получен POST запрос на /upload
2026-03-18 16:22:20,884 INFO: Сохранены файлы: run_20260318_162220_98084205ed8a7ed2_24-25__13.01.2025.xlsx, schedule_20260318_162220_98084205ed8a7ed2_3__2025_.xlsx
2026-03-18 16:22:21,321 INFO: Запуск обработки...
2026-03-18 16:22:25,033 INFO: Обработка успешно завершена
2026-03-18 16:23:13,492 INFO: === Запуск приложения ===
2026-03-18 16:23:16,154 INFO: === Запуск приложения ===
2026-03-18 16:23:30,563 INFO: Получен POST запрос на /upload
2026-03-18 16:23:30,575 INFO: Сохранены файлы: run_20260318_162330_75ad4b4dd49e3459_25-26__23.10.2025_1.xlsx, schedule_20260318_162330_75ad4b4dd49e3459_25-26.xlsx
2026-03-18 16:23:30,836 INFO: Запуск обработки...
2026-03-18 16:23:34,483 INFO: Обработка успешно завершена
2026-03-29 11:33:27,908 INFO: === Запуск приложения ===
2026-03-29 11:33:27,933 INFO: Очищено 22 старых файлов из C:\Users\gorod\diplom\automated-curriculum-creation-kit\uploads
2026-03-29 11:33:27,972 INFO: Очищено 11 старых файлов из C:\Users\gorod\diplom\automated-curriculum-creation-kit\results
2026-03-29 11:33:30,478 INFO: === Запуск приложения ===
2026-03-29 11:33:55,758 INFO: Получен POST запрос на /upload
2026-03-29 11:33:55,767 INFO: Сохранены файлы: run_20260329_113355_6429b0b95275e2d8_25-26__23.10.2025_1.xlsx, schedule_20260329_113355_6429b0b95275e2d8_25-26.xlsx
2026-03-29 11:33:56,198 INFO: Запуск обработки...
2026-03-29 11:33:59,239 INFO: Обработка успешно завершена
